0 info it worked if it ends with ok
1 verbose cli [ 'C:\\Program Files\\nodejs\\node.exe',
1 verbose cli   'C:\\Program Files\\nodejs\\node_modules\\npm\\bin\\npm-cli.js',
1 verbose cli   'run',
1 verbose cli   'sassCompile' ]
2 info using npm@3.10.10
3 info using node@v6.11.1
4 verbose run-script [ 'presassCompile', 'sassCompile', 'postsassCompile' ]
5 info lifecycle python@1.0.0~presassCompile: python@1.0.0
6 silly lifecycle python@1.0.0~presassCompile: no script for presassCompile, continuing
7 info lifecycle python@1.0.0~sassCompile: python@1.0.0
8 verbose lifecycle python@1.0.0~sassCompile: unsafe-perm in lifecycle true
9 verbose lifecycle python@1.0.0~sassCompile: PATH: C:\Program Files\nodejs\node_modules\npm\bin\node-gyp-bin;I:\hunger-hack\hunger-hack\python\node_modules\.bin;C:\Utilities\Development\open-watcom-c-win32-1.9\BINNT;C:\Utilities\Development\open-watcom-c-win32-1.9\BINW;C:\Program Files (x86)\TIBCO\splus81\;C:\ProgramData\Oracle\Java\javapath;C:\Windows\system32;C:\Windows;C:\Windows\System32\Wbem;C:\Windows\System32\WindowsPowerShell\v1.0\;C:\Program Files\TortoiseSVN\bin;C:\Program Files (x86)\Windows Kits\8.1\Windows Performance Toolkit\;C:\Program Files (x86)\Microsoft SDKs\TypeScript\1.0\;C:\Program Files (x86)\SMLNJ\bin\;C:\Program Files (x86)\MiKTeX 2.9\miktex\bin\;C:\Program Files\MATLAB\R2017a\bin;C:\Program Files (x86)\LyX 2.2\Perl\bin;C:\Program Files\Git\cmd;C:\Program Files\nodejs\;C:\Windows\system32\config\systemprofile\.dnx\bin;C:\Program Files\Microsoft DNX\Dnvm\;C:\Program Files\Microsoft SQL Server\120\Tools\Binn\;C:\Program Files\Microsoft SQL Server\130\Tools\Binn\;C:\Program Files\PuTTY\;C:\Program Files\Microsoft SQL Server\110\Tools\Binn\;C:\TDM-GCC-64\bin;C:\Utilities\Development\android-sdk\tools;C:\Utilities\Development\android-sdk\platform-tools;C:\Python32;C:\Python32\Tools\Scripts;C:\Users\816000026\AppData\Local\Microsoft\WindowsApps;
10 verbose lifecycle python@1.0.0~sassCompile: CWD: I:\hunger-hack\hunger-hack\python
11 silly lifecycle python@1.0.0~sassCompile: Args: [ '/d /s /c', 'node-sass sass/main.scss css/main.css -w' ]
12 silly lifecycle python@1.0.0~sassCompile: Returned: code: 1  signal: null
13 info lifecycle python@1.0.0~sassCompile: Failed to exec sassCompile script
14 verbose stack Error: python@1.0.0 sassCompile: `node-sass sass/main.scss css/main.css -w`
14 verbose stack Exit status 1
14 verbose stack     at EventEmitter.<anonymous> (C:\Program Files\nodejs\node_modules\npm\lib\utils\lifecycle.js:255:16)
14 verbose stack     at emitTwo (events.js:106:13)
14 verbose stack     at EventEmitter.emit (events.js:191:7)
14 verbose stack     at ChildProcess.<anonymous> (C:\Program Files\nodejs\node_modules\npm\lib\utils\spawn.js:40:14)
14 verbose stack     at emitTwo (events.js:106:13)
14 verbose stack     at ChildProcess.emit (events.js:191:7)
14 verbose stack     at maybeClose (internal/child_process.js:891:16)
14 verbose stack     at Process.ChildProcess._handle.onexit (internal/child_process.js:226:5)
15 verbose pkgid python@1.0.0
16 verbose cwd I:\hunger-hack\hunger-hack\python
17 error Windows_NT 10.0.16299
18 error argv "C:\\Program Files\\nodejs\\node.exe" "C:\\Program Files\\nodejs\\node_modules\\npm\\bin\\npm-cli.js" "run" "sassCompile"
19 error node v6.11.1
20 error npm  v3.10.10
21 error code ELIFECYCLE
22 error python@1.0.0 sassCompile: `node-sass sass/main.scss css/main.css -w`
22 error Exit status 1
23 error Failed at the python@1.0.0 sassCompile script 'node-sass sass/main.scss css/main.css -w'.
23 error Make sure you have the latest version of node.js and npm installed.
23 error If you do, this is most likely a problem with the python package,
23 error not with npm itself.
23 error Tell the author that this fails on your system:
23 error     node-sass sass/main.scss css/main.css -w
23 error You can get information on how to open an issue for this project with:
23 error     npm bugs python
23 error Or if that isn't available, you can get their info via:
23 error     npm owner ls python
23 error There is likely additional logging output above.
24 verbose exit [ 1, true ]
